<?xml version="1.0" encoding="UTF-8"?>
<testsuite name="com.example.todo.repository.todoRepositoryTest" tests="1" skipped="0" failures="0" errors="0" timestamp="2023-05-15T01:34:25" hostname="LAPTOP-H9HP2FO7" time="0.331">
  <properties/>
  <testcase name="저장확인()" classname="com.example.todo.repository.todoRepositoryTest" time="0.331"/>
  <system-out><![CDATA[10:34:21.168 [Test worker] DEBUG org.springframework.test.context.BootstrapUtils - Instantiating CacheAwareContextLoaderDelegate from class [org.springframework.test.context.cache.DefaultCacheAwareContextLoaderDelegate]
10:34:21.178 [Test worker] DEBUG org.springframework.test.context.BootstrapUtils - Instantiating BootstrapContext using constructor [public org.springframework.test.context.support.DefaultBootstrapContext(java.lang.Class,org.springframework.test.context.CacheAwareContextLoaderDelegate)]
10:34:21.212 [Test worker] DEBUG org.springframework.test.context.BootstrapUtils - Instantiating TestContextBootstrapper for test class [com.example.todo.repository.todoRepositoryTest] from class [org.springframework.boot.test.context.SpringBootTestContextBootstrapper]
10:34:21.222 [Test worker] INFO org.springframework.boot.test.context.SpringBootTestContextBootstrapper - Neither @ContextConfiguration nor @ContextHierarchy found for test class [com.example.todo.repository.todoRepositoryTest], using SpringBootContextLoader
10:34:21.226 [Test worker] DEBUG org.springframework.test.context.support.AbstractContextLoader - Did not detect default resource location for test class [com.example.todo.repository.todoRepositoryTest]: class path resource [com/example/todo/repository/todoRepositoryTest-context.xml] does not exist
10:34:21.226 [Test worker] DEBUG org.springframework.test.context.support.AbstractContextLoader - Did not detect default resource location for test class [com.example.todo.repository.todoRepositoryTest]: class path resource [com/example/todo/repository/todoRepositoryTestContext.groovy] does not exist
10:34:21.227 [Test worker] INFO org.springframework.test.context.support.AbstractContextLoader - Could not detect default resource locations for test class [com.example.todo.repository.todoRepositoryTest]: no resource found for suffixes {-context.xml, Context.groovy}.
10:34:21.227 [Test worker] INFO org.springframework.test.context.support.AnnotationConfigContextLoaderUtils - Could not detect default configuration classes for test class [com.example.todo.repository.todoRepositoryTest]: todoRepositoryTest does not declare any static, non-private, non-final, nested classes annotated with @Configuration.
10:34:21.271 [Test worker] DEBUG org.springframework.test.context.support.ActiveProfilesUtils - Could not find an 'annotation declaring class' for annotation type [org.springframework.test.context.ActiveProfiles] and class [com.example.todo.repository.todoRepositoryTest]
10:34:21.326 [Test worker] DEBUG org.springframework.context.annotation.ClassPathScanningCandidateComponentProvider - Identified candidate component class: file [C:\Users\user\Downloads\todo\todo\build\classes\java\main\com\example\todo\TodoApplication.class]
10:34:21.328 [Test worker] INFO org.springframework.boot.test.context.SpringBootTestContextBootstrapper - Found @SpringBootConfiguration com.example.todo.TodoApplication for test class com.example.todo.repository.todoRepositoryTest
10:34:21.426 [Test worker] DEBUG org.springframework.boot.test.context.SpringBootTestContextBootstrapper - @TestExecutionListeners is not present for class [com.example.todo.repository.todoRepositoryTest]: using defaults.
10:34:21.427 [Test worker] INFO org.springframework.boot.test.context.SpringBootTestContextBootstrapper - Loaded default TestExecutionListener class names from location [META-INF/spring.factories]: [org.springframework.boot.test.autoconfigure.restdocs.RestDocsTestExecutionListener, org.springframework.boot.test.autoconfigure.web.client.MockRestServiceServerResetTestExecutionListener, org.springframework.boot.test.autoconfigure.web.servlet.MockMvcPrintOnlyOnFailureTestExecutionListener, org.springframework.boot.test.autoconfigure.web.servlet.WebDriverTestExecutionListener, org.springframework.boot.test.autoconfigure.webservices.client.MockWebServiceServerTestExecutionListener, org.springframework.boot.test.mock.mockito.MockitoTestExecutionListener, org.springframework.boot.test.mock.mockito.ResetMocksTestExecutionListener, org.springframework.test.context.web.ServletTestExecutionListener, org.springframework.test.context.support.DirtiesContextBeforeModesTestExecutionListener, org.springframework.test.context.event.ApplicationEventsTestExecutionListener, org.springframework.test.context.support.DependencyInjectionTestExecutionListener, org.springframework.test.context.support.DirtiesContextTestExecutionListener, org.springframework.test.context.transaction.TransactionalTestExecutionListener, org.springframework.test.context.jdbc.SqlScriptsTestExecutionListener, org.springframework.test.context.event.EventPublishingTestExecutionListener]
10:34:21.450 [Test worker] INFO org.springframework.boot.test.context.SpringBootTestContextBootstrapper - Using TestExecutionListeners: [org.springframework.test.context.web.ServletTestExecutionListener@60afd40d, org.springframework.test.context.support.DirtiesContextBeforeModesTestExecutionListener@28a2a3e7, org.springframework.test.context.event.ApplicationEventsTestExecutionListener@3f2049b6, org.springframework.boot.test.mock.mockito.MockitoTestExecutionListener@10b3df93, org.springframework.boot.test.autoconfigure.SpringBootDependencyInjectionTestExecutionListener@ea27e34, org.springframework.test.context.support.DirtiesContextTestExecutionListener@33a2499c, org.springframework.test.context.transaction.TransactionalTestExecutionListener@e72dba7, org.springframework.test.context.jdbc.SqlScriptsTestExecutionListener@33c2bd, org.springframework.test.context.event.EventPublishingTestExecutionListener@1dfd5f51, org.springframework.boot.test.autoconfigure.restdocs.RestDocsTestExecutionListener@3c321bdb, org.springframework.boot.test.autoconfigure.web.client.MockRestServiceServerResetTestExecutionListener@24855019, org.springframework.boot.test.autoconfigure.web.servlet.MockMvcPrintOnlyOnFailureTestExecutionListener@3abd581e, org.springframework.boot.test.autoconfigure.web.servlet.WebDriverTestExecutionListener@4d4d8fcf, org.springframework.boot.test.autoconfigure.webservices.client.MockWebServiceServerTestExecutionListener@610db97e, org.springframework.boot.test.mock.mockito.ResetMocksTestExecutionListener@6f0628de]
10:34:21.453 [Test worker] DEBUG org.springframework.test.context.support.AbstractDirtiesContextTestExecutionListener - Before test class: context [DefaultTestContext@79f227a9 testClass = todoRepositoryTest, testInstance = [null], testMethod = [null], testException = [null], mergedContextConfiguration = [WebMergedContextConfiguration@6ca320ab testClass = todoRepositoryTest, locations = '{}', classes = '{class com.example.todo.TodoApplication}', contextInitializerClasses = '[]', activeProfiles = '{}', propertySourceLocations = '{}', propertySourceProperties = '{org.springframework.boot.test.context.SpringBootTestContextBootstrapper=true}', contextCustomizers = set[org.springframework.boot.test.autoconfigure.actuate.metrics.MetricsExportContextCustomizerFactory$DisableMetricExportContextCustomizer@42f48531, org.springframework.boot.test.autoconfigure.properties.PropertyMappingContextCustomizer@0, org.springframework.boot.test.autoconfigure.web.servlet.WebDriverContextCustomizerFactory$Customizer@ea9b7c6, org.springframework.boot.test.context.filter.ExcludeFilterContextCustomizer@a8e6492, org.springframework.boot.test.json.DuplicateJsonObjectContextCustomizerFactory$DuplicateJsonObjectContextCustomizer@60dce7ea, org.springframework.boot.test.mock.mockito.MockitoContextCustomizer@0, org.springframework.boot.test.web.client.TestRestTemplateContextCustomizer@f73dcd6, org.springframework.boot.test.context.SpringBootTestArgs@1, org.springframework.boot.test.context.SpringBootTestWebEnvironment@30b6ffe0], resourceBasePath = 'src/main/webapp', contextLoader = 'org.springframework.boot.test.context.SpringBootContextLoader', parent = [null]], attributes = map['org.springframework.test.context.web.ServletTestExecutionListener.activateListener' -> true]], class annotated with @DirtiesContext [false] with mode [null].

  .   ____          _            __ _ _
 /\\ / ___'_ __ _ _(_)_ __  __ _ \ \ \ \
( ( )\___ | '_ | '_| | '_ \/ _` | \ \ \ \
 \\/  ___)| |_)| | | | | || (_| |  ) ) ) )
  '  |____| .__|_| |_|_| |_\__, | / / / /
 =========|_|==============|___/=/_/_/_/
 :: Spring Boot ::               (v2.7.11)

2023-05-15 10:34:21.828  INFO 19524 --- [    Test worker] c.e.todo.repository.todoRepositoryTest   : Starting todoRepositoryTest using Java 11.0.16 on LAPTOP-H9HP2FO7 with PID 19524 (started by user in C:\Users\user\Downloads\todo\todo)
2023-05-15 10:34:21.830  INFO 19524 --- [    Test worker] c.e.todo.repository.todoRepositoryTest   : No active profile set, falling back to 1 default profile: "default"
2023-05-15 10:34:22.376  INFO 19524 --- [    Test worker] .s.d.r.c.RepositoryConfigurationDelegate : Bootstrapping Spring Data JPA repositories in DEFAULT mode.
2023-05-15 10:34:22.438  INFO 19524 --- [    Test worker] .s.d.r.c.RepositoryConfigurationDelegate : Finished Spring Data repository scanning in 52 ms. Found 1 JPA repository interfaces.
2023-05-15 10:34:22.995  INFO 19524 --- [    Test worker] o.hibernate.jpa.internal.util.LogHelper  : HHH000204: Processing PersistenceUnitInfo [name: default]
2023-05-15 10:34:23.049  INFO 19524 --- [    Test worker] org.hibernate.Version                    : HHH000412: Hibernate ORM core version 5.6.15.Final
2023-05-15 10:34:23.244  INFO 19524 --- [    Test worker] o.hibernate.annotations.common.Version   : HCANN000001: Hibernate Commons Annotations {5.1.2.Final}
2023-05-15 10:34:23.360  INFO 19524 --- [    Test worker] com.zaxxer.hikari.HikariDataSource       : HikariPool-1 - Starting...
2023-05-15 10:34:23.558  INFO 19524 --- [    Test worker] com.zaxxer.hikari.HikariDataSource       : HikariPool-1 - Start completed.
2023-05-15 10:34:23.596  INFO 19524 --- [    Test worker] org.hibernate.dialect.Dialect            : HHH000400: Using dialect: org.hibernate.dialect.H2Dialect
Hibernate: 
    
    drop table if exists todo_entity CASCADE 
Hibernate: 
    
    create table todo_entity (
       id bigint generated by default as identity,
        completed boolean not null,
        content varchar(200),
        primary key (id)
    )
2023-05-15 10:34:24.137  INFO 19524 --- [    Test worker] o.h.e.t.j.p.i.JtaPlatformInitiator       : HHH000490: Using JtaPlatform implementation: [org.hibernate.engine.transaction.jta.platform.internal.NoJtaPlatform]
2023-05-15 10:34:24.145  INFO 19524 --- [    Test worker] j.LocalContainerEntityManagerFactoryBean : Initialized JPA EntityManagerFactory for persistence unit 'default'
2023-05-15 10:34:24.345  WARN 19524 --- [    Test worker] JpaBaseConfiguration$JpaWebConfiguration : spring.jpa.open-in-view is enabled by default. Therefore, database queries may be performed during view rendering. Explicitly configure spring.jpa.open-in-view to disable this warning
2023-05-15 10:34:25.172  INFO 19524 --- [    Test worker] c.e.todo.repository.todoRepositoryTest   : Started todoRepositoryTest in 3.687 seconds (JVM running for 5.537)
Hibernate: 
    insert 
    into
        todo_entity
        (id, completed, content) 
    values
        (default, ?, ?)
Hibernate: 
    select
        todoentity0_.id as id1_0_,
        todoentity0_.completed as complete2_0_,
        todoentity0_.content as content3_0_ 
    from
        todo_entity todoentity0_
]]></system-out>
  <system-err><![CDATA[]]></system-err>
</testsuite>
