<?xml version="1.0" encoding="UTF-8"?>
<testsuite name="com.example.insta.InstApplicationTests" tests="1" skipped="0" failures="0" errors="0" timestamp="2025-01-14T02:11:15" hostname="DESKTOP-4PO50BE" time="0.507">
  <properties/>
  <testcase name="contextLoads()" classname="com.example.insta.InstApplicationTests" time="0.507"/>
  <system-out><![CDATA[11:11:10.456 [Test worker] INFO org.springframework.test.context.support.AnnotationConfigContextLoaderUtils -- Could not detect default configuration classes for test class [com.example.insta.InstApplicationTests]: InstApplicationTests does not declare any static, non-private, non-final, nested classes annotated with @Configuration.
11:11:10.609 [Test worker] INFO org.springframework.boot.test.context.SpringBootTestContextBootstrapper -- Found @SpringBootConfiguration com.example.insta.InstApplication for test class com.example.insta.InstApplicationTests

  .   ____          _            __ _ _
 /\\ / ___'_ __ _ _(_)_ __  __ _ \ \ \ \
( ( )\___ | '_ | '_| | '_ \/ _` | \ \ \ \
 \\/  ___)| |_)| | | | | || (_| |  ) ) ) )
  '  |____| .__|_| |_|_| |_\__, | / / / /
 =========|_|==============|___/=/_/_/_/

 :: Spring Boot ::                (v3.4.1)

2025-01-14T11:11:11.052+09:00  INFO 5252 --- [inst] [    Test worker] com.example.insta.InstApplicationTests   : Starting InstApplicationTests using Java 21.0.5 with PID 5252 (started by HUBIS in C:\Users\HUBIS\Desktop\test\insta)
2025-01-14T11:11:11.053+09:00  INFO 5252 --- [inst] [    Test worker] com.example.insta.InstApplicationTests   : No active profile set, falling back to 1 default profile: "default"
2025-01-14T11:11:11.709+09:00  INFO 5252 --- [inst] [    Test worker] .s.d.r.c.RepositoryConfigurationDelegate : Bootstrapping Spring Data JPA repositories in DEFAULT mode.
2025-01-14T11:11:11.763+09:00  INFO 5252 --- [inst] [    Test worker] .s.d.r.c.RepositoryConfigurationDelegate : Finished Spring Data repository scanning in 45 ms. Found 1 JPA repository interface.
2025-01-14T11:11:12.253+09:00  INFO 5252 --- [inst] [    Test worker] com.zaxxer.hikari.HikariDataSource       : HikariPool-1 - Starting...
2025-01-14T11:11:12.442+09:00  INFO 5252 --- [inst] [    Test worker] com.zaxxer.hikari.pool.HikariPool        : HikariPool-1 - Added connection conn0: url=jdbc:h2:mem:testdb user=SA
2025-01-14T11:11:12.444+09:00  INFO 5252 --- [inst] [    Test worker] com.zaxxer.hikari.HikariDataSource       : HikariPool-1 - Start completed.
2025-01-14T11:11:12.499+09:00  INFO 5252 --- [inst] [    Test worker] o.hibernate.jpa.internal.util.LogHelper  : HHH000204: Processing PersistenceUnitInfo [name: default]
2025-01-14T11:11:12.566+09:00  INFO 5252 --- [inst] [    Test worker] org.hibernate.Version                    : HHH000412: Hibernate ORM core version 6.6.4.Final
2025-01-14T11:11:12.603+09:00  INFO 5252 --- [inst] [    Test worker] o.h.c.internal.RegionFactoryInitiator    : HHH000026: Second-level cache disabled
2025-01-14T11:11:12.992+09:00  INFO 5252 --- [inst] [    Test worker] o.s.o.j.p.SpringPersistenceUnitInfo      : No LoadTimeWeaver setup: ignoring JPA class transformer
2025-01-14T11:11:13.047+09:00  WARN 5252 --- [inst] [    Test worker] org.hibernate.orm.deprecation            : HHH90000025: H2Dialect does not need to be specified explicitly using 'hibernate.dialect' (remove the property setting and it will be selected by default)
2025-01-14T11:11:13.066+09:00  INFO 5252 --- [inst] [    Test worker] org.hibernate.orm.connections.pooling    : HHH10001005: Database info:
	Database JDBC URL [Connecting through datasource 'HikariDataSource (HikariPool-1)']
	Database driver: undefined/unknown
	Database version: 2.2.220
	Autocommit mode: undefined/unknown
	Isolation level: undefined/unknown
	Minimum pool size: undefined/unknown
	Maximum pool size: undefined/unknown
2025-01-14T11:11:13.929+09:00  INFO 5252 --- [inst] [    Test worker] o.h.e.t.j.p.i.JtaPlatformInitiator       : HHH000489: No JTA platform available (set 'hibernate.transaction.jta.platform' to enable JTA platform integration)
2025-01-14T11:11:13.986+09:00  INFO 5252 --- [inst] [    Test worker] j.LocalContainerEntityManagerFactoryBean : Initialized JPA EntityManagerFactory for persistence unit 'default'
2025-01-14T11:11:14.526+09:00  WARN 5252 --- [inst] [    Test worker] JpaBaseConfiguration$JpaWebConfiguration : spring.jpa.open-in-view is enabled by default. Therefore, database queries may be performed during view rendering. Explicitly configure spring.jpa.open-in-view to disable this warning
2025-01-14T11:11:15.042+09:00  INFO 5252 --- [inst] [    Test worker] o.s.b.a.h2.H2ConsoleAutoConfiguration    : H2 console available at '/h2-console'. Database available at 'jdbc:h2:mem:testdb'
2025-01-14T11:11:15.449+09:00  INFO 5252 --- [inst] [    Test worker] com.example.insta.InstApplicationTests   : Started InstApplicationTests in 4.646 seconds (process running for 6.143)
]]></system-out>
  <system-err><![CDATA[Mockito is currently self-attaching to enable the inline-mock-maker. This will no longer work in future releases of the JDK. Please add Mockito as an agent to your build what is described in Mockito's documentation: https://javadoc.io/doc/org.mockito/mockito-core/latest/org/mockito/Mockito.html#0.3
WARNING: A Java agent has been loaded dynamically (C:\Users\HUBIS\.gradle\caches\modules-2\files-2.1\net.bytebuddy\byte-buddy-agent\1.15.11\a38b16385e867f59a641330f0362ebe742788ed8\byte-buddy-agent-1.15.11.jar)
WARNING: If a serviceability tool is in use, please run with -XX:+EnableDynamicAgentLoading to hide this warning
WARNING: If a serviceability tool is not in use, please run with -Djdk.instrument.traceUsage for more information
WARNING: Dynamic loading of agents will be disallowed by default in a future release
]]></system-err>
</testsuite>
