<?xml version="1.0" encoding="UTF-8"?>
<testsuite name="com.example.demo.repository.StudentRepositoryTest" tests="1" skipped="0" failures="0" errors="0" timestamp="2023-05-22T02:38:00" hostname="LAPTOP-H9HP2FO7" time="0.434">
  <properties/>
  <testcase name="저장됨()" classname="com.example.demo.repository.StudentRepositoryTest" time="0.434"/>
  <system-out><![CDATA[11:37:56.140 [Test worker] DEBUG org.springframework.test.context.BootstrapUtils - Instantiating CacheAwareContextLoaderDelegate from class [org.springframework.test.context.cache.DefaultCacheAwareContextLoaderDelegate]
11:37:56.149 [Test worker] DEBUG org.springframework.test.context.BootstrapUtils - Instantiating BootstrapContext using constructor [public org.springframework.test.context.support.DefaultBootstrapContext(java.lang.Class,org.springframework.test.context.CacheAwareContextLoaderDelegate)]
11:37:56.182 [Test worker] DEBUG org.springframework.test.context.BootstrapUtils - Instantiating TestContextBootstrapper for test class [com.example.demo.repository.StudentRepositoryTest] from class [org.springframework.boot.test.context.SpringBootTestContextBootstrapper]
11:37:56.194 [Test worker] INFO org.springframework.boot.test.context.SpringBootTestContextBootstrapper - Neither @ContextConfiguration nor @ContextHierarchy found for test class [com.example.demo.repository.StudentRepositoryTest], using SpringBootContextLoader
11:37:56.197 [Test worker] DEBUG org.springframework.test.context.support.AbstractContextLoader - Did not detect default resource location for test class [com.example.demo.repository.StudentRepositoryTest]: class path resource [com/example/demo/repository/StudentRepositoryTest-context.xml] does not exist
11:37:56.198 [Test worker] DEBUG org.springframework.test.context.support.AbstractContextLoader - Did not detect default resource location for test class [com.example.demo.repository.StudentRepositoryTest]: class path resource [com/example/demo/repository/StudentRepositoryTestContext.groovy] does not exist
11:37:56.198 [Test worker] INFO org.springframework.test.context.support.AbstractContextLoader - Could not detect default resource locations for test class [com.example.demo.repository.StudentRepositoryTest]: no resource found for suffixes {-context.xml, Context.groovy}.
11:37:56.199 [Test worker] INFO org.springframework.test.context.support.AnnotationConfigContextLoaderUtils - Could not detect default configuration classes for test class [com.example.demo.repository.StudentRepositoryTest]: StudentRepositoryTest does not declare any static, non-private, non-final, nested classes annotated with @Configuration.
11:37:56.246 [Test worker] DEBUG org.springframework.test.context.support.ActiveProfilesUtils - Could not find an 'annotation declaring class' for annotation type [org.springframework.test.context.ActiveProfiles] and class [com.example.demo.repository.StudentRepositoryTest]
11:37:56.303 [Test worker] DEBUG org.springframework.context.annotation.ClassPathScanningCandidateComponentProvider - Identified candidate component class: file [C:\Users\user\Desktop\backend\demo\demo\build\classes\java\main\com\example\demo\SchoolApplication.class]
11:37:56.304 [Test worker] INFO org.springframework.boot.test.context.SpringBootTestContextBootstrapper - Found @SpringBootConfiguration com.example.demo.SchoolApplication for test class com.example.demo.repository.StudentRepositoryTest
11:37:56.405 [Test worker] DEBUG org.springframework.boot.test.context.SpringBootTestContextBootstrapper - @TestExecutionListeners is not present for class [com.example.demo.repository.StudentRepositoryTest]: using defaults.
11:37:56.405 [Test worker] INFO org.springframework.boot.test.context.SpringBootTestContextBootstrapper - Loaded default TestExecutionListener class names from location [META-INF/spring.factories]: [org.springframework.boot.test.autoconfigure.restdocs.RestDocsTestExecutionListener, org.springframework.boot.test.autoconfigure.web.client.MockRestServiceServerResetTestExecutionListener, org.springframework.boot.test.autoconfigure.web.servlet.MockMvcPrintOnlyOnFailureTestExecutionListener, org.springframework.boot.test.autoconfigure.web.servlet.WebDriverTestExecutionListener, org.springframework.boot.test.autoconfigure.webservices.client.MockWebServiceServerTestExecutionListener, org.springframework.boot.test.mock.mockito.MockitoTestExecutionListener, org.springframework.boot.test.mock.mockito.ResetMocksTestExecutionListener, org.springframework.test.context.web.ServletTestExecutionListener, org.springframework.test.context.support.DirtiesContextBeforeModesTestExecutionListener, org.springframework.test.context.event.ApplicationEventsTestExecutionListener, org.springframework.test.context.support.DependencyInjectionTestExecutionListener, org.springframework.test.context.support.DirtiesContextTestExecutionListener, org.springframework.test.context.transaction.TransactionalTestExecutionListener, org.springframework.test.context.jdbc.SqlScriptsTestExecutionListener, org.springframework.test.context.event.EventPublishingTestExecutionListener]
11:37:56.429 [Test worker] INFO org.springframework.boot.test.context.SpringBootTestContextBootstrapper - Using TestExecutionListeners: [org.springframework.test.context.web.ServletTestExecutionListener@60afd40d, org.springframework.test.context.support.DirtiesContextBeforeModesTestExecutionListener@28a2a3e7, org.springframework.test.context.event.ApplicationEventsTestExecutionListener@3f2049b6, org.springframework.boot.test.mock.mockito.MockitoTestExecutionListener@10b3df93, org.springframework.boot.test.autoconfigure.SpringBootDependencyInjectionTestExecutionListener@ea27e34, org.springframework.test.context.support.DirtiesContextTestExecutionListener@33a2499c, org.springframework.test.context.transaction.TransactionalTestExecutionListener@e72dba7, org.springframework.test.context.jdbc.SqlScriptsTestExecutionListener@33c2bd, org.springframework.test.context.event.EventPublishingTestExecutionListener@1dfd5f51, org.springframework.boot.test.autoconfigure.restdocs.RestDocsTestExecutionListener@3c321bdb, org.springframework.boot.test.autoconfigure.web.client.MockRestServiceServerResetTestExecutionListener@24855019, org.springframework.boot.test.autoconfigure.web.servlet.MockMvcPrintOnlyOnFailureTestExecutionListener@3abd581e, org.springframework.boot.test.autoconfigure.web.servlet.WebDriverTestExecutionListener@4d4d8fcf, org.springframework.boot.test.autoconfigure.webservices.client.MockWebServiceServerTestExecutionListener@610db97e, org.springframework.boot.test.mock.mockito.ResetMocksTestExecutionListener@6f0628de]
11:37:56.433 [Test worker] DEBUG org.springframework.test.context.support.AbstractDirtiesContextTestExecutionListener - Before test class: context [DefaultTestContext@79f227a9 testClass = StudentRepositoryTest, testInstance = [null], testMethod = [null], testException = [null], mergedContextConfiguration = [WebMergedContextConfiguration@6ca320ab testClass = StudentRepositoryTest, locations = '{}', classes = '{class com.example.demo.SchoolApplication}', contextInitializerClasses = '[]', activeProfiles = '{}', propertySourceLocations = '{}', propertySourceProperties = '{org.springframework.boot.test.context.SpringBootTestContextBootstrapper=true}', contextCustomizers = set[org.springframework.boot.test.autoconfigure.actuate.metrics.MetricsExportContextCustomizerFactory$DisableMetricExportContextCustomizer@42f48531, org.springframework.boot.test.autoconfigure.properties.PropertyMappingContextCustomizer@0, org.springframework.boot.test.autoconfigure.web.servlet.WebDriverContextCustomizerFactory$Customizer@ea9b7c6, org.springframework.boot.test.context.filter.ExcludeFilterContextCustomizer@a8e6492, org.springframework.boot.test.json.DuplicateJsonObjectContextCustomizerFactory$DuplicateJsonObjectContextCustomizer@60dce7ea, org.springframework.boot.test.mock.mockito.MockitoContextCustomizer@0, org.springframework.boot.test.web.client.TestRestTemplateContextCustomizer@f73dcd6, org.springframework.boot.test.context.SpringBootTestArgs@1, org.springframework.boot.test.context.SpringBootTestWebEnvironment@30b6ffe0], resourceBasePath = 'src/main/webapp', contextLoader = 'org.springframework.boot.test.context.SpringBootContextLoader', parent = [null]], attributes = map['org.springframework.test.context.web.ServletTestExecutionListener.activateListener' -> true]], class annotated with @DirtiesContext [false] with mode [null].

  .   ____          _            __ _ _
 /\\ / ___'_ __ _ _(_)_ __  __ _ \ \ \ \
( ( )\___ | '_ | '_| | '_ \/ _` | \ \ \ \
 \\/  ___)| |_)| | | | | || (_| |  ) ) ) )
  '  |____| .__|_| |_|_| |_\__, | / / / /
 =========|_|==============|___/=/_/_/_/
 :: Spring Boot ::               (v2.7.12)

2023-05-22 11:37:56.877  INFO 11004 --- [    Test worker] c.e.d.repository.StudentRepositoryTest   : Starting StudentRepositoryTest using Java 11.0.16 on LAPTOP-H9HP2FO7 with PID 11004 (started by user in C:\Users\user\Desktop\backend\demo\demo)
2023-05-22 11:37:56.878  INFO 11004 --- [    Test worker] c.e.d.repository.StudentRepositoryTest   : No active profile set, falling back to 1 default profile: "default"
2023-05-22 11:37:57.692  INFO 11004 --- [    Test worker] .s.d.r.c.RepositoryConfigurationDelegate : Bootstrapping Spring Data JPA repositories in DEFAULT mode.
2023-05-22 11:37:57.741  INFO 11004 --- [    Test worker] .s.d.r.c.RepositoryConfigurationDelegate : Finished Spring Data repository scanning in 40 ms. Found 2 JPA repository interfaces.
2023-05-22 11:37:58.313  INFO 11004 --- [    Test worker] o.hibernate.jpa.internal.util.LogHelper  : HHH000204: Processing PersistenceUnitInfo [name: default]
2023-05-22 11:37:58.382  INFO 11004 --- [    Test worker] org.hibernate.Version                    : HHH000412: Hibernate ORM core version 5.6.15.Final
2023-05-22 11:37:58.569  INFO 11004 --- [    Test worker] o.hibernate.annotations.common.Version   : HCANN000001: Hibernate Commons Annotations {5.1.2.Final}
2023-05-22 11:37:58.688  INFO 11004 --- [    Test worker] com.zaxxer.hikari.HikariDataSource       : HikariPool-1 - Starting...
2023-05-22 11:37:58.798  INFO 11004 --- [    Test worker] com.zaxxer.hikari.HikariDataSource       : HikariPool-1 - Start completed.
2023-05-22 11:37:58.852  INFO 11004 --- [    Test worker] org.hibernate.dialect.Dialect            : HHH000400: Using dialect: org.hibernate.dialect.H2Dialect
Hibernate: 
    
    drop table if exists department CASCADE 
Hibernate: 
    
    drop table if exists student CASCADE 
Hibernate: 
    
    create table department (
       id bigint generated by default as identity,
        name varchar(255) not null,
        personnel bigint not null,
        primary key (id)
    )
Hibernate: 
    
    create table student (
       id bigint not null,
        gender varchar(255) not null,
        name varchar(255) not null,
        department_id bigint,
        primary key (id)
    )
Hibernate: 
    
    alter table student 
       add constraint FKkh3m8c2tq2tgrgma1iyn7tvmx 
       foreign key (department_id) 
       references department
2023-05-22 11:37:59.587  INFO 11004 --- [    Test worker] o.h.e.t.j.p.i.JtaPlatformInitiator       : HHH000490: Using JtaPlatform implementation: [org.hibernate.engine.transaction.jta.platform.internal.NoJtaPlatform]
2023-05-22 11:37:59.598  INFO 11004 --- [    Test worker] j.LocalContainerEntityManagerFactoryBean : Initialized JPA EntityManagerFactory for persistence unit 'default'
2023-05-22 11:37:59.828  WARN 11004 --- [    Test worker] JpaBaseConfiguration$JpaWebConfiguration : spring.jpa.open-in-view is enabled by default. Therefore, database queries may be performed during view rendering. Explicitly configure spring.jpa.open-in-view to disable this warning
2023-05-22 11:38:00.858  INFO 11004 --- [    Test worker] c.e.d.repository.StudentRepositoryTest   : Started StudentRepositoryTest in 4.384 seconds (JVM running for 6.066)
Hibernate: 
    insert 
    into
        department
        (id, name, personnel) 
    values
        (default, ?, ?)
Hibernate: 
    select
        student0_.id as id1_1_0_,
        student0_.department_id as departme4_1_0_,
        student0_.gender as gender2_1_0_,
        student0_.name as name3_1_0_ 
    from
        student student0_ 
    where
        student0_.id=?
Hibernate: 
    insert 
    into
        student
        (department_id, gender, name, id) 
    values
        (?, ?, ?, ?)
Hibernate: 
    select
        student0_.id as id1_1_,
        student0_.department_id as departme4_1_,
        student0_.gender as gender2_1_,
        student0_.name as name3_1_ 
    from
        student student0_
]]></system-out>
  <system-err><![CDATA[]]></system-err>
</testsuite>
